

times in msec
 clock   self+sourced   self:  sourced script
 clock   elapsed:              other lines

000.010  000.010: --- NVIM STARTING ---
000.326  000.316: locale set
000.654  000.327: inits 1
000.668  000.014: window checked
004.493  003.825: parsing arguments
004.686  000.194: expanding arguments
004.759  000.073: inits 2
005.312  000.553: init highlight
005.314  000.002: waiting for UI
006.435  001.121: done waiting for UI
006.450  000.016: init screen for UI
006.473  000.022: init default mappings
006.612  000.139: init default autocommands
006.757  000.058  000.058: sourcing /usr/share/nvim/archlinux.vim
006.765  000.118  000.060: sourcing /etc/xdg/nvim/sysinit.vim
048.811  041.988  041.988: sourcing /home/poyehchen/nix_envs/miniature_nvim/xdg/config/nvim/init.lua
048.830  000.113: sourcing vimrc file(s)
055.813  000.029  000.029: sourcing /home/poyehchen/nix_envs/miniature_nvim/xdg/share/nvim/site/pack/packer/start/LuaSnip/ftdetect/snippets.vim
056.317  000.023  000.023: sourcing /home/poyehchen/nix_envs/miniature_nvim/xdg/share/nvim/site/pack/packer/start/nvim-treesitter/ftdetect/cooklang.vim
056.362  000.021  000.021: sourcing /home/poyehchen/nix_envs/miniature_nvim/xdg/share/nvim/site/pack/packer/start/nvim-treesitter/ftdetect/fusion.vim
056.409  000.024  000.024: sourcing /home/poyehchen/nix_envs/miniature_nvim/xdg/share/nvim/site/pack/packer/start/nvim-treesitter/ftdetect/gdresource.vim
056.452  000.020  000.020: sourcing /home/poyehchen/nix_envs/miniature_nvim/xdg/share/nvim/site/pack/packer/start/nvim-treesitter/ftdetect/gdscript.vim
056.493  000.020  000.020: sourcing /home/poyehchen/nix_envs/miniature_nvim/xdg/share/nvim/site/pack/packer/start/nvim-treesitter/ftdetect/glimmer.vim
056.534  000.019  000.019: sourcing /home/poyehchen/nix_envs/miniature_nvim/xdg/share/nvim/site/pack/packer/start/nvim-treesitter/ftdetect/glsl.vim
056.573  000.019  000.019: sourcing /home/poyehchen/nix_envs/miniature_nvim/xdg/share/nvim/site/pack/packer/start/nvim-treesitter/ftdetect/gowork.vim
056.622  000.025  000.025: sourcing /home/poyehchen/nix_envs/miniature_nvim/xdg/share/nvim/site/pack/packer/start/nvim-treesitter/ftdetect/graphql.vim
056.668  000.022  000.022: sourcing /home/poyehchen/nix_envs/miniature_nvim/xdg/share/nvim/site/pack/packer/start/nvim-treesitter/ftdetect/hack.vim
056.718  000.026  000.026: sourcing /home/poyehchen/nix_envs/miniature_nvim/xdg/share/nvim/site/pack/packer/start/nvim-treesitter/ftdetect/hcl.vim
056.761  000.020  000.020: sourcing /home/poyehchen/nix_envs/miniature_nvim/xdg/share/nvim/site/pack/packer/start/nvim-treesitter/ftdetect/heex.vim
056.804  000.020  000.020: sourcing /home/poyehchen/nix_envs/miniature_nvim/xdg/share/nvim/site/pack/packer/start/nvim-treesitter/ftdetect/hjson.vim
056.846  000.020  000.020: sourcing /home/poyehchen/nix_envs/miniature_nvim/xdg/share/nvim/site/pack/packer/start/nvim-treesitter/ftdetect/json5.vim
056.896  000.029  000.029: sourcing /home/poyehchen/nix_envs/miniature_nvim/xdg/share/nvim/site/pack/packer/start/nvim-treesitter/ftdetect/ledger.vim
056.937  000.020  000.020: sourcing /home/poyehchen/nix_envs/miniature_nvim/xdg/share/nvim/site/pack/packer/start/nvim-treesitter/ftdetect/nix.vim
056.981  000.020  000.020: sourcing /home/poyehchen/nix_envs/miniature_nvim/xdg/share/nvim/site/pack/packer/start/nvim-treesitter/ftdetect/prisma.vim
057.022  000.020  000.020: sourcing /home/poyehchen/nix_envs/miniature_nvim/xdg/share/nvim/site/pack/packer/start/nvim-treesitter/ftdetect/pug.vim
057.063  000.020  000.020: sourcing /home/poyehchen/nix_envs/miniature_nvim/xdg/share/nvim/site/pack/packer/start/nvim-treesitter/ftdetect/ql.vim
057.116  000.033  000.033: sourcing /home/poyehchen/nix_envs/miniature_nvim/xdg/share/nvim/site/pack/packer/start/nvim-treesitter/ftdetect/query.vim
057.159  000.021  000.021: sourcing /home/poyehchen/nix_envs/miniature_nvim/xdg/share/nvim/site/pack/packer/start/nvim-treesitter/ftdetect/surface.vim
057.201  000.019  000.019: sourcing /home/poyehchen/nix_envs/miniature_nvim/xdg/share/nvim/site/pack/packer/start/nvim-treesitter/ftdetect/teal.vim
057.255  000.019  000.019: sourcing /home/poyehchen/nix_envs/miniature_nvim/xdg/share/nvim/site/pack/packer/start/nvim-treesitter/ftdetect/tlaplus.vim
057.299  000.024  000.024: sourcing /home/poyehchen/nix_envs/miniature_nvim/xdg/share/nvim/site/pack/packer/start/nvim-treesitter/ftdetect/yang.vim
057.534  000.023  000.023: sourcing /usr/share/vim/vimfiles/ftdetect/PKGBUILD.vim
057.840  000.286  000.286: sourcing /usr/share/vim/vimfiles/ftdetect/lilypond.vim
057.891  000.031  000.031: sourcing /usr/share/vim/vimfiles/ftdetect/meson.vim
057.945  000.033  000.033: sourcing /usr/share/vim/vimfiles/ftdetect/nginx.vim
058.345  009.335  008.430: sourcing /usr/share/nvim/runtime/filetype.vim
058.579  000.040  000.040: sourcing /usr/share/nvim/runtime/ftplugin.vim
058.808  000.037  000.037: sourcing /usr/share/nvim/runtime/indent.vim
059.130  000.082  000.082: sourcing /usr/share/nvim/runtime/syntax/synload.vim
059.235  000.361  000.279: sourcing /usr/share/nvim/runtime/syntax/syntax.vim
060.641  000.239  000.239: sourcing /usr/share/nvim/runtime/plugin/gzip.vim
060.685  000.023  000.023: sourcing /usr/share/nvim/runtime/plugin/health.vim
060.782  000.081  000.081: sourcing /usr/share/nvim/runtime/plugin/man.vim
061.435  000.208  000.208: sourcing /usr/share/nvim/runtime/pack/dist/opt/matchit/plugin/matchit.vim
061.575  000.776  000.568: sourcing /usr/share/nvim/runtime/plugin/matchit.vim
061.738  000.145  000.145: sourcing /usr/share/nvim/runtime/plugin/matchparen.vim
062.158  000.401  000.401: sourcing /usr/share/nvim/runtime/plugin/netrwPlugin.vim
062.373  000.022  000.022: sourcing /home/poyehchen/nix_envs/miniature_nvim/xdg/share/nvim/rplugin.vim
062.380  000.177  000.155: sourcing /usr/share/nvim/runtime/plugin/rplugin.vim
062.498  000.096  000.096: sourcing /usr/share/nvim/runtime/plugin/shada.vim
062.558  000.029  000.029: sourcing /usr/share/nvim/runtime/plugin/spellfile.vim
062.728  000.142  000.142: sourcing /usr/share/nvim/runtime/plugin/tarPlugin.vim
062.846  000.089  000.089: sourcing /usr/share/nvim/runtime/plugin/tohtml.vim
062.894  000.023  000.023: sourcing /usr/share/nvim/runtime/plugin/tutor.vim
063.092  000.175  000.175: sourcing /usr/share/nvim/runtime/plugin/zipPlugin.vim
065.235  000.069  000.069: sourcing /usr/share/nvim/runtime/autoload/provider/pythonx.vim
098.608  000.401  000.401: sourcing /usr/share/nvim/runtime/autoload/remote/host.vim
098.796  033.817  033.346: sourcing /usr/share/nvim/runtime/autoload/provider/python3.vim
098.968  035.728  001.911: sourcing /usr/share/vim/vimfiles/plugin/black.vim
100.441  001.419  001.419: sourcing /usr/share/vim/vimfiles/plugin/fzf.vim
100.725  000.232  000.232: sourcing /usr/share/vim/vimfiles/plugin/gtags-cscope.vim
101.185  000.424  000.424: sourcing /usr/share/vim/vimfiles/plugin/gtags.vim
105.998  004.595  004.595: sourcing /home/poyehchen/nix_envs/miniature_nvim/xdg/config/nvim/plugin/packer_compiled.lua
106.425  003.025: loading rtp plugins
107.467  000.360  000.360: sourcing /home/poyehchen/nix_envs/miniature_nvim/xdg/share/nvim/site/pack/packer/start/LuaSnip/plugin/luasnip.vim
108.370  000.394  000.394: sourcing /home/poyehchen/nix_envs/miniature_nvim/xdg/share/nvim/site/pack/packer/start/lsp-colors.nvim/plugin/lsp-colors.vim
108.716  000.090  000.090: sourcing /home/poyehchen/nix_envs/miniature_nvim/xdg/share/nvim/site/pack/packer/start/nlsp-settings.nvim/plugin/nlspsetting.vim
109.889  000.868  000.868: sourcing /home/poyehchen/nix_envs/miniature_nvim/xdg/share/nvim/site/pack/packer/start/nvim-cmp/plugin/cmp.lua
110.135  000.109  000.109: sourcing /home/poyehchen/nix_envs/miniature_nvim/xdg/share/nvim/site/pack/packer/start/nvim-lsp-installer/plugin/nvim-lsp-installer.vim
110.409  000.087  000.087: sourcing /home/poyehchen/nix_envs/miniature_nvim/xdg/share/nvim/site/pack/packer/start/nvim-lspconfig/plugin/lspconfig.vim
111.426  000.831  000.831: sourcing /home/poyehchen/nix_envs/miniature_nvim/xdg/share/nvim/site/pack/packer/start/nvim-treesitter/plugin/nvim-treesitter.vim
111.746  000.121  000.121: sourcing /home/poyehchen/nix_envs/miniature_nvim/xdg/share/nvim/site/pack/packer/start/nvim-ts-context-commentstring/plugin/ts_context_commentstring.vim
112.014  000.045  000.045: sourcing /home/poyehchen/nix_envs/miniature_nvim/xdg/share/nvim/site/pack/packer/start/nvim-web-devicons/plugin/nvim-web-devicons.vim
112.270  000.043  000.043: sourcing /home/poyehchen/nix_envs/miniature_nvim/xdg/share/nvim/site/pack/packer/start/plenary.nvim/plugin/plenary.vim
112.547  003.175: loading packages
114.770  000.240  000.240: sourcing /home/poyehchen/nix_envs/miniature_nvim/xdg/share/nvim/site/pack/packer/start/cmp-buffer/after/plugin/cmp_buffer.lua
115.008  000.125  000.125: sourcing /home/poyehchen/nix_envs/miniature_nvim/xdg/share/nvim/site/pack/packer/start/cmp-cmdline/after/plugin/cmp_cmdline.lua
115.412  000.288  000.288: sourcing /home/poyehchen/nix_envs/miniature_nvim/xdg/share/nvim/site/pack/packer/start/cmp-nvim-lsp/after/plugin/cmp_nvim_lsp.lua
115.616  000.091  000.091: sourcing /home/poyehchen/nix_envs/miniature_nvim/xdg/share/nvim/site/pack/packer/start/cmp-nvim-lua/after/plugin/cmp_nvim_lua.lua
115.857  000.128  000.128: sourcing /home/poyehchen/nix_envs/miniature_nvim/xdg/share/nvim/site/pack/packer/start/cmp-path/after/plugin/cmp_path.lua
116.152  000.179  000.179: sourcing /home/poyehchen/nix_envs/miniature_nvim/xdg/share/nvim/site/pack/packer/start/cmp_luasnip/after/plugin/cmp_luasnip.lua
116.174  002.575: loading after plugins
116.194  000.020: inits 3
117.572  001.378: reading ShaDa
118.325  000.753: opening buffers
118.368  000.043: BufEnter autocommands
118.370  000.002: editing files in windows
